<?xml version="1.0" encoding="UTF-8"?>
<testng-results skipped="0" failed="0" ignored="0" total="2" passed="2">
  <reporter-output>
  </reporter-output>
  <suite name="Default suite" duration-ms="25224" started-at="2021-07-12T00:34:50Z" finished-at="2021-07-12T00:35:15Z">
    <groups>
      <group name="cucumber">
        <method signature="AbstractTestNGCucumberTests.runScenario(io.cucumber.testng.PickleWrapper, io.cucumber.testng.FeatureWrapper)[pri:0, instance:com.carbonite.test.suites.HomePageTest@3e92efc3]" name="runScenario" class="io.cucumber.testng.AbstractTestNGCucumberTests"/>
      </group> <!-- cucumber -->
    </groups>
    <test name="Default test" duration-ms="25224" started-at="2021-07-12T00:34:50Z" finished-at="2021-07-12T00:35:15Z">
      <class name="com.carbonite.test.suites.HomePageTest">
        <test-method status="PASS" signature="setUpClass()[pri:0, instance:com.carbonite.test.suites.HomePageTest@3e92efc3]" name="setUpClass" is-config="true" duration-ms="676" started-at="2021-07-12T00:34:50Z" finished-at="2021-07-12T00:34:51Z">
          <reporter-output>
          </reporter-output>
        </test-method> <!-- setUpClass -->
        <test-method status="PASS" signature="runScenario(io.cucumber.testng.PickleWrapper, io.cucumber.testng.FeatureWrapper)[pri:0, instance:com.carbonite.test.suites.HomePageTest@3e92efc3]" name="runScenario" duration-ms="11897" started-at="2021-07-12T00:34:51Z" description="Runs Cucumber Scenarios" data-provider="scenarios" finished-at="2021-07-12T00:35:03Z">
          <params>
            <param index="0">
              <value>
                <![CDATA["Title of Page"]]>
              </value>
            </param>
            <param index="1">
              <value>
                <![CDATA["Optional[Verify Headers and subHeaders of Home Page]"]]>
              </value>
            </param>
          </params>
          <reporter-output>
          </reporter-output>
        </test-method> <!-- runScenario -->
        <test-method status="PASS" signature="runScenario(io.cucumber.testng.PickleWrapper, io.cucumber.testng.FeatureWrapper)[pri:0, instance:com.carbonite.test.suites.HomePageTest@3e92efc3]" name="runScenario" duration-ms="11135" started-at="2021-07-12T00:35:03Z" description="Runs Cucumber Scenarios" data-provider="scenarios" finished-at="2021-07-12T00:35:14Z">
          <params>
            <param index="0">
              <value>
                <![CDATA["Title of Page"]]>
              </value>
            </param>
            <param index="1">
              <value>
                <![CDATA["Optional[Verify Headers and subHeaders of Home Page]"]]>
              </value>
            </param>
          </params>
          <reporter-output>
          </reporter-output>
        </test-method> <!-- runScenario -->
        <test-method status="PASS" signature="tearDownClass()[pri:0, instance:com.carbonite.test.suites.HomePageTest@3e92efc3]" name="tearDownClass" is-config="true" duration-ms="1483" started-at="2021-07-12T00:35:14Z" finished-at="2021-07-12T00:35:15Z">
          <reporter-output>
          </reporter-output>
        </test-method> <!-- tearDownClass -->
      </class> <!-- com.carbonite.test.suites.HomePageTest -->
    </test> <!-- Default test -->
  </suite> <!-- Default suite -->
</testng-results>
